<?xml version="1.0" encoding="UTF-8"?>
<!-- Generated by org.testng.reporters.JUnitReportReporter -->
<testsuite hostname="DESKTOP-N7OGPG4" failures="0" tests="5" name="TestStringCalculator" time="0.030" errors="0" timestamp="2021-10-16T17:49:57 IST" skipped="0">
  <testcase classname="TestStringCalculator" name="twoNumbersNewLineDelimiterReturnSum" time="0.002"/>
  <system-out/>
  <testcase classname="TestStringCalculator" name="negativeInputReturnsException" time="0.014"/>
  <system-out/>
  <testcase classname="TestStringCalculator" name="sumOfNumbers" time="0.005"/>
  <system-out/>
  <testcase classname="TestStringCalculator" name="returnsZero" time="0.003"/>
  <system-out/>
  <testcase classname="TestStringCalculator" name="returnsValue" time="0.006"/>
  <system-out/>
</testsuite> <!-- TestStringCalculator -->
